{"level":"info","message":"MongoDB connection established","timestamp":"2025-05-10T14:20:46.152Z"}
{"isOperational":true,"level":"error","message":"Incorrect email or password","stack":"Error: Incorrect email or password\n    at D:\\nqt 5\\viuuu\\Backend\\controllers\\authController.js:154:17","status":"error","statusCode":401,"timestamp":"2025-05-10T14:22:11.184Z"}
{"isOperational":true,"level":"error","message":"Incorrect email or password","stack":"Error: Incorrect email or password\n    at D:\\nqt 5\\viuuu\\Backend\\controllers\\authController.js:154:17","status":"error","statusCode":401,"timestamp":"2025-05-10T14:22:13.698Z"}
{"isOperational":true,"level":"error","message":"Incorrect email or password","stack":"Error: Incorrect email or password\n    at D:\\nqt 5\\viuuu\\Backend\\controllers\\authController.js:154:17","status":"error","statusCode":401,"timestamp":"2025-05-10T14:38:28.618Z"}
{"level":"info","message":"MongoDB connection established","timestamp":"2025-05-10T14:41:37.315Z"}
{"level":"info","message":"MongoDB connection established","timestamp":"2025-05-10T14:41:49.433Z"}
{"isOperational":true,"level":"error","message":"Incorrect email or password","stack":"Error: Incorrect email or password\n    at D:\\nqt 5\\viuuu\\Backend\\controllers\\authController.js:154:17","status":"error","statusCode":401,"timestamp":"2025-05-10T15:01:04.358Z"}
{"level":"info","message":"MongoDB connection established","timestamp":"2025-05-10T15:06:05.688Z"}
{"isOperational":true,"level":"error","message":"Incorrect email or password","stack":"Error: Incorrect email or password\n    at D:\\nqt 5\\viuuu\\Backend\\controllers\\authController.js:154:17","status":"error","statusCode":401,"timestamp":"2025-05-10T15:25:20.979Z"}
{"isOperational":true,"level":"error","message":"Invalid status provided. Must be \"accepted\" or \"rejected\".","stack":"Error: Invalid status provided. Must be \"accepted\" or \"rejected\".\n    at D:\\nqt 5\\viuuu\\Backend\\controllers\\serviceRequestController.js:112:17\n    at D:\\nqt 5\\viuuu\\Backend\\utils\\catchAsync.js:4:13\n    at Layer.handle [as handle_request] (D:\\nqt 5\\viuuu\\Backend\\node_modules\\express\\lib\\router\\layer.js:95:5)\n    at next (D:\\nqt 5\\viuuu\\Backend\\node_modules\\express\\lib\\router\\route.js:149:13)\n    at D:\\nqt 5\\viuuu\\Backend\\middlewares\\auth.js:57:9\n    at D:\\nqt 5\\viuuu\\Backend\\utils\\catchAsync.js:4:13\n    at Layer.handle [as handle_request] (D:\\nqt 5\\viuuu\\Backend\\node_modules\\express\\lib\\router\\layer.js:95:5)\n    at next (D:\\nqt 5\\viuuu\\Backend\\node_modules\\express\\lib\\router\\route.js:149:13)\n    at Route.dispatch (D:\\nqt 5\\viuuu\\Backend\\node_modules\\express\\lib\\router\\route.js:119:3)\n    at Layer.handle [as handle_request] (D:\\nqt 5\\viuuu\\Backend\\node_modules\\express\\lib\\router\\layer.js:95:5)","status":"error","statusCode":400,"timestamp":"2025-05-10T15:31:21.164Z"}
{"isOperational":true,"level":"error","message":"Invalid status provided. Must be \"accepted\" or \"rejected\".","stack":"Error: Invalid status provided. Must be \"accepted\" or \"rejected\".\n    at D:\\nqt 5\\viuuu\\Backend\\controllers\\serviceRequestController.js:112:17\n    at D:\\nqt 5\\viuuu\\Backend\\utils\\catchAsync.js:4:13\n    at Layer.handle [as handle_request] (D:\\nqt 5\\viuuu\\Backend\\node_modules\\express\\lib\\router\\layer.js:95:5)\n    at next (D:\\nqt 5\\viuuu\\Backend\\node_modules\\express\\lib\\router\\route.js:149:13)\n    at D:\\nqt 5\\viuuu\\Backend\\middlewares\\auth.js:57:9\n    at D:\\nqt 5\\viuuu\\Backend\\utils\\catchAsync.js:4:13\n    at Layer.handle [as handle_request] (D:\\nqt 5\\viuuu\\Backend\\node_modules\\express\\lib\\router\\layer.js:95:5)\n    at next (D:\\nqt 5\\viuuu\\Backend\\node_modules\\express\\lib\\router\\route.js:149:13)\n    at Route.dispatch (D:\\nqt 5\\viuuu\\Backend\\node_modules\\express\\lib\\router\\route.js:119:3)\n    at Layer.handle [as handle_request] (D:\\nqt 5\\viuuu\\Backend\\node_modules\\express\\lib\\router\\layer.js:95:5)","status":"error","statusCode":400,"timestamp":"2025-05-10T15:31:23.829Z"}
{"isOperational":true,"level":"error","message":"Invalid status provided. Must be \"accepted\" or \"rejected\".","stack":"Error: Invalid status provided. Must be \"accepted\" or \"rejected\".\n    at D:\\nqt 5\\viuuu\\Backend\\controllers\\serviceRequestController.js:112:17\n    at D:\\nqt 5\\viuuu\\Backend\\utils\\catchAsync.js:4:13\n    at Layer.handle [as handle_request] (D:\\nqt 5\\viuuu\\Backend\\node_modules\\express\\lib\\router\\layer.js:95:5)\n    at next (D:\\nqt 5\\viuuu\\Backend\\node_modules\\express\\lib\\router\\route.js:149:13)\n    at D:\\nqt 5\\viuuu\\Backend\\middlewares\\auth.js:57:9\n    at D:\\nqt 5\\viuuu\\Backend\\utils\\catchAsync.js:4:13\n    at Layer.handle [as handle_request] (D:\\nqt 5\\viuuu\\Backend\\node_modules\\express\\lib\\router\\layer.js:95:5)\n    at next (D:\\nqt 5\\viuuu\\Backend\\node_modules\\express\\lib\\router\\route.js:149:13)\n    at Route.dispatch (D:\\nqt 5\\viuuu\\Backend\\node_modules\\express\\lib\\router\\route.js:119:3)\n    at Layer.handle [as handle_request] (D:\\nqt 5\\viuuu\\Backend\\node_modules\\express\\lib\\router\\layer.js:95:5)","status":"error","statusCode":400,"timestamp":"2025-05-10T15:31:29.321Z"}
{"level":"info","message":"MongoDB connection established","timestamp":"2025-05-10T15:34:25.259Z"}
{"level":"info","message":"MongoDB connection established","timestamp":"2025-05-10T15:34:43.222Z"}
{"isOperational":true,"level":"error","message":"Incorrect email or password","stack":"Error: Incorrect email or password\n    at D:\\nqt 5\\viuuu\\Backend\\controllers\\authController.js:154:17","status":"error","statusCode":401,"timestamp":"2025-05-10T15:35:27.117Z"}
{"level":"info","message":"MongoDB connection established","timestamp":"2025-05-10T15:37:30.823Z"}
{"level":"info","message":"MongoDB connection established","timestamp":"2025-05-10T18:33:25.546Z"}
{"isOperational":true,"level":"error","message":"Please provide email and password","stack":"Error: Please provide email and password\n    at D:\\nqt 5\\viuuu\\Backend\\controllers\\authController.js:147:17\n    at D:\\nqt 5\\viuuu\\Backend\\utils\\catchAsync.js:4:13\n    at Layer.handle [as handle_request] (D:\\nqt 5\\viuuu\\Backend\\node_modules\\express\\lib\\router\\layer.js:95:5)\n    at next (D:\\nqt 5\\viuuu\\Backend\\node_modules\\express\\lib\\router\\route.js:149:13)\n    at Route.dispatch (D:\\nqt 5\\viuuu\\Backend\\node_modules\\express\\lib\\router\\route.js:119:3)\n    at Layer.handle [as handle_request] (D:\\nqt 5\\viuuu\\Backend\\node_modules\\express\\lib\\router\\layer.js:95:5)\n    at D:\\nqt 5\\viuuu\\Backend\\node_modules\\express\\lib\\router\\index.js:284:15\n    at Function.process_params (D:\\nqt 5\\viuuu\\Backend\\node_modules\\express\\lib\\router\\index.js:346:12)\n    at next (D:\\nqt 5\\viuuu\\Backend\\node_modules\\express\\lib\\router\\index.js:280:10)\n    at Function.handle (D:\\nqt 5\\viuuu\\Backend\\node_modules\\express\\lib\\router\\index.js:175:3)","status":"error","statusCode":400,"timestamp":"2025-05-10T18:58:56.938Z"}
{"isOperational":true,"level":"error","message":"Incorrect email or password","stack":"Error: Incorrect email or password\n    at D:\\nqt 5\\viuuu\\Backend\\controllers\\authController.js:154:17","status":"error","statusCode":401,"timestamp":"2025-05-10T19:07:51.862Z"}
{"level":"info","message":"MongoDB connection established","timestamp":"2025-05-10T19:12:50.005Z"}
{"level":"info","message":"MongoDB connection established","timestamp":"2025-05-10T19:26:21.210Z"}
{"level":"info","message":"MongoDB connection established","timestamp":"2025-05-10T19:26:49.415Z"}
{"level":"info","message":"MongoDB connection established","timestamp":"2025-05-10T19:35:59.022Z"}
{"level":"info","message":"MongoDB connection established","timestamp":"2025-05-10T19:36:26.547Z"}
{"level":"info","message":"MongoDB connection established","timestamp":"2025-05-10T20:06:46.832Z"}
{"level":"info","message":"MongoDB connection established","timestamp":"2025-05-10T20:07:12.713Z"}
{"level":"info","message":"MongoDB connection established","timestamp":"2025-05-10T20:07:39.270Z"}
{"level":"info","message":"MongoDB connection established","timestamp":"2025-05-11T09:36:11.130Z"}
{"level":"info","message":"MongoDB connection established","timestamp":"2025-05-11T10:55:52.291Z"}
{"level":"info","message":"MongoDB connection established","timestamp":"2025-05-11T11:07:40.994Z"}
{"isOperational":true,"level":"error","message":"Failed to create Razorpay order.","stack":"Error: Failed to create Razorpay order.\n    at D:\\ThrivePro\\Backend\\controllers\\paymentController.js:199:19\n    at process.processTicksAndRejections (node:internal/process/task_queues:95:5)","status":"error","statusCode":401,"timestamp":"2025-05-11T11:08:09.817Z"}
{"isOperational":true,"level":"error","message":"Failed to create Razorpay order.","stack":"Error: Failed to create Razorpay order.\n    at D:\\ThrivePro\\Backend\\controllers\\paymentController.js:199:19\n    at process.processTicksAndRejections (node:internal/process/task_queues:95:5)","status":"error","statusCode":401,"timestamp":"2025-05-11T11:08:44.463Z"}
{"level":"info","message":"MongoDB connection established","timestamp":"2025-05-11T11:32:59.146Z"}
{"isOperational":true,"level":"error","message":"Bill not found","stack":"Error: Bill not found\n    at D:\\ThrivePro\\Backend\\controllers\\paymentController.js:37:17\n    at process.processTicksAndRejections (node:internal/process/task_queues:95:5)","status":"error","statusCode":400,"timestamp":"2025-05-11T11:47:50.470Z"}
{"level":"info","message":"MongoDB connection established","timestamp":"2025-05-11T11:51:15.819Z"}
{"level":"info","message":"MongoDB connection established","timestamp":"2025-05-11T11:52:48.079Z"}
{"level":"info","message":"MongoDB connection established","timestamp":"2025-05-11T11:53:00.826Z"}
{"isOperational":true,"level":"error","message":"Bill not found","stack":"Error: Bill not found\n    at D:\\ThrivePro\\Backend\\controllers\\paymentController.js:37:17\n    at process.processTicksAndRejections (node:internal/process/task_queues:95:5)","status":"error","statusCode":400,"timestamp":"2025-05-11T11:54:21.933Z"}
{"isOperational":true,"level":"error","message":"Bill not found","stack":"Error: Bill not found\n    at D:\\ThrivePro\\Backend\\controllers\\paymentController.js:37:17\n    at process.processTicksAndRejections (node:internal/process/task_queues:95:5)","status":"error","statusCode":400,"timestamp":"2025-05-11T11:58:00.632Z"}
{"level":"info","message":"MongoDB connection established","timestamp":"2025-05-11T11:59:51.084Z"}
{"isOperational":true,"level":"error","message":"Failed to generate bill for payment. Please try again later.","stack":"Error: Failed to generate bill for payment. Please try again later.\n    at D:\\ThrivePro\\Backend\\controllers\\paymentController.js:52:19\n    at process.processTicksAndRejections (node:internal/process/task_queues:95:5)","status":"error","statusCode":500,"timestamp":"2025-05-11T12:01:09.417Z"}
{"level":"info","message":"MongoDB connection established","timestamp":"2025-05-11T12:01:23.158Z"}
{"isOperational":true,"level":"error","message":"Failed to generate bill for payment. Please try again later.","stack":"Error: Failed to generate bill for payment. Please try again later.\n    at D:\\ThrivePro\\Backend\\controllers\\paymentController.js:52:19\n    at process.processTicksAndRejections (node:internal/process/task_queues:95:5)","status":"error","statusCode":500,"timestamp":"2025-05-11T12:01:23.951Z"}
{"level":"info","message":"MongoDB connection established","timestamp":"2025-05-11T13:40:23.962Z"}
{"isOperational":true,"level":"error","message":"Failed to generate bill for payment. Please try again later.","stack":"Error: Failed to generate bill for payment. Please try again later.\n    at D:\\ThrivePro\\Backend\\controllers\\paymentController.js:52:19\n    at process.processTicksAndRejections (node:internal/process/task_queues:95:5)","status":"error","statusCode":500,"timestamp":"2025-05-11T13:45:23.286Z"}
{"level":"info","message":"MongoDB connection established","timestamp":"2025-05-11T13:55:31.091Z"}
{"level":"info","message":"MongoDB connection established","timestamp":"2025-05-11T13:58:00.146Z"}
{"level":"info","message":"MongoDB connection established","timestamp":"2025-05-11T13:58:19.685Z"}
{"level":"info","message":"MongoDB connection established","timestamp":"2025-05-11T13:59:21.860Z"}
{"isOperational":true,"level":"error","message":"No payment entry found for the bill","stack":"Error: No payment entry found for the bill\n    at D:\\ThrivePro\\Backend\\controllers\\paymentController.js:101:17\n    at process.processTicksAndRejections (node:internal/process/task_queues:95:5)","status":"error","statusCode":400,"timestamp":"2025-05-11T14:00:45.137Z"}
{"level":"info","message":"MongoDB connection established","timestamp":"2025-05-11T14:01:55.679Z"}
{"level":"info","message":"MongoDB connection established","timestamp":"2025-05-11T14:05:26.446Z"}
{"level":"info","message":"MongoDB connection established","timestamp":"2025-05-11T14:09:47.908Z"}
{"isOperational":true,"level":"error","message":"Bill already paid","stack":"Error: Bill already paid\n    at D:\\ThrivePro\\Backend\\controllers\\paymentController.js:61:17\n    at process.processTicksAndRejections (node:internal/process/task_queues:95:5)","status":"error","statusCode":400,"timestamp":"2025-05-11T14:11:02.096Z"}
{"level":"warn","message":"MongoDB connection disconnected","timestamp":"2025-05-11T14:13:32.148Z"}
{"level":"info","message":"MongoDB connection established","timestamp":"2025-05-11T14:13:36.807Z"}
{"level":"info","message":"MongoDB connection established","timestamp":"2025-05-11T14:16:20.114Z"}
{"isOperational":true,"level":"error","message":"Bill already paid","stack":"Error: Bill already paid\n    at D:\\ThrivePro\\Backend\\controllers\\paymentController.js:61:17\n    at process.processTicksAndRejections (node:internal/process/task_queues:95:5)","status":"error","statusCode":400,"timestamp":"2025-05-11T14:24:31.742Z"}
{"isOperational":true,"level":"error","message":"Bill already paid","stack":"Error: Bill already paid\n    at D:\\ThrivePro\\Backend\\controllers\\paymentController.js:61:17\n    at process.processTicksAndRejections (node:internal/process/task_queues:95:5)","status":"error","statusCode":400,"timestamp":"2025-05-11T14:28:31.544Z"}
{"level":"info","message":"MongoDB connection established","timestamp":"2025-05-11T14:57:29.025Z"}
{"level":"info","message":"MongoDB connection established","timestamp":"2025-05-11T14:59:02.555Z"}
{"level":"info","message":"MongoDB connection established","timestamp":"2025-05-11T14:59:58.721Z"}
{"level":"info","message":"MongoDB connection established","timestamp":"2025-05-11T15:02:50.123Z"}
{"level":"info","message":"MongoDB connection established","timestamp":"2025-05-11T15:03:09.400Z"}
{"level":"info","message":"MongoDB connection established","timestamp":"2025-05-11T15:03:19.816Z"}
{"level":"info","message":"MongoDB connection established","timestamp":"2025-05-11T15:03:34.614Z"}
{"level":"info","message":"MongoDB connection established","timestamp":"2025-05-11T15:04:05.084Z"}
{"level":"info","message":"MongoDB connection established","timestamp":"2025-05-11T16:10:11.846Z"}
{"isOperational":true,"level":"error","message":"User already exists with this email","stack":"Error: User already exists with this email\n    at D:\\ThrivePro\\Backend\\controllers\\authController.js:40:17\n    at process.processTicksAndRejections (node:internal/process/task_queues:95:5)","status":"error","statusCode":400,"timestamp":"2025-05-11T16:11:36.793Z"}
{"level":"info","message":"MongoDB connection established","timestamp":"2025-05-11T18:18:39.696Z"}
{"level":"info","message":"MongoDB connection established","timestamp":"2025-05-11T19:37:40.680Z"}
{"level":"info","message":"MongoDB connection established","timestamp":"2025-05-11T20:56:13.243Z"}
{"level":"warn","message":"MongoDB connection disconnected","timestamp":"2025-05-11T21:01:32.827Z"}
{"level":"info","message":"MongoDB connection established","timestamp":"2025-05-12T05:29:12.946Z"}
{"level":"info","message":"MongoDB connection established","timestamp":"2025-05-12T22:13:22.065Z"}
{"level":"info","message":"MongoDB connection established","timestamp":"2025-06-06T12:15:49.598Z"}
{"level":"warn","message":"MongoDB connection disconnected","timestamp":"2025-06-06T12:27:42.274Z"}
{"level":"info","message":"MongoDB connection established","timestamp":"2025-06-06T12:27:51.320Z"}
{"level":"info","message":"MongoDB connection established","timestamp":"2025-06-06T13:23:16.299Z"}
{"level":"info","message":"MongoDB connection established","timestamp":"2025-06-06T13:25:34.008Z"}
{"level":"info","message":"MongoDB connection established","timestamp":"2025-06-06T13:26:01.898Z"}
{"level":"info","message":"MongoDB connection established","timestamp":"2025-06-06T13:46:40.293Z"}
{"level":"info","message":"MongoDB connection established","timestamp":"2025-06-06T15:32:37.014Z"}
{"isOperational":true,"level":"error","message":"Failed to create Razorpay order.","stack":"Error: Failed to create Razorpay order.\n    at D:\\06.06.25\\ThrivePro\\Backend\\controllers\\paymentController.js:267:19\n    at process.processTicksAndRejections (node:internal/process/task_queues:95:5)","status":"error","statusCode":400,"timestamp":"2025-06-06T15:50:45.316Z"}
{"isOperational":true,"level":"error","message":"Failed to create Razorpay order.","stack":"Error: Failed to create Razorpay order.\n    at D:\\06.06.25\\ThrivePro\\Backend\\controllers\\paymentController.js:267:19\n    at process.processTicksAndRejections (node:internal/process/task_queues:95:5)","status":"error","statusCode":400,"timestamp":"2025-06-06T15:50:51.345Z"}
{"isOperational":true,"level":"error","message":"User already exists with this email","stack":"Error: User already exists with this email\n    at D:\\06.06.25\\ThrivePro\\Backend\\controllers\\authController.js:41:17\n    at process.processTicksAndRejections (node:internal/process/task_queues:95:5)","status":"error","statusCode":400,"timestamp":"2025-06-06T15:52:27.168Z"}
{"isOperational":true,"level":"error","message":"User already exists with this email","stack":"Error: User already exists with this email\n    at D:\\06.06.25\\ThrivePro\\Backend\\controllers\\authController.js:41:17\n    at process.processTicksAndRejections (node:internal/process/task_queues:95:5)","status":"error","statusCode":400,"timestamp":"2025-06-06T15:52:30.403Z"}
{"level":"info","message":"MongoDB connection established","timestamp":"2025-06-09T10:57:08.391Z"}
{"isOperational":true,"level":"error","message":"User already exists with this email","stack":"Error: User already exists with this email\n    at D:\\06.06.25\\ThrivePro\\Backend\\controllers\\authController.js:41:17\n    at process.processTicksAndRejections (node:internal/process/task_queues:95:5)","status":"error","statusCode":400,"timestamp":"2025-06-09T11:00:33.850Z"}
{"level":"warn","message":"MongoDB connection disconnected","timestamp":"2025-06-09T11:09:55.313Z"}
{"level":"info","message":"MongoDB connection established","timestamp":"2025-06-09T11:09:57.640Z"}
{"level":"warn","message":"MongoDB connection disconnected","timestamp":"2025-06-09T11:13:23.896Z"}
{"level":"info","message":"MongoDB connection established","timestamp":"2025-06-09T11:15:41.868Z"}
{"level":"info","message":"MongoDB connection established","timestamp":"2025-06-09T11:18:55.903Z"}
{"level":"warn","message":"MongoDB connection disconnected","timestamp":"2025-06-09T11:48:37.612Z"}
{"level":"info","message":"MongoDB connection established","timestamp":"2025-06-09T11:48:37.704Z"}
{"level":"info","message":"MongoDB connection established","timestamp":"2025-06-09T15:54:40.236Z"}
{"isOperational":true,"level":"error","message":"Incorrect email or password","stack":"Error: Incorrect email or password\n    at D:\\06.06.25\\ThrivePro\\Backend\\controllers\\authController.js:157:17","status":"error","statusCode":401,"timestamp":"2025-06-09T15:55:35.482Z"}
{"isOperational":true,"level":"error","message":"Incorrect email or password","stack":"Error: Incorrect email or password\n    at D:\\06.06.25\\ThrivePro\\Backend\\controllers\\authController.js:157:17\n    at process.processTicksAndRejections (node:internal/process/task_queues:95:5)","status":"error","statusCode":401,"timestamp":"2025-06-09T17:32:49.205Z"}
{"isOperational":true,"level":"error","message":"Incorrect email or password","stack":"Error: Incorrect email or password\n    at D:\\06.06.25\\ThrivePro\\Backend\\controllers\\authController.js:157:17","status":"error","statusCode":401,"timestamp":"2025-06-09T17:32:54.030Z"}
{"isOperational":true,"level":"error","message":"Incorrect email or password","stack":"Error: Incorrect email or password\n    at D:\\06.06.25\\ThrivePro\\Backend\\controllers\\authController.js:157:17","status":"error","statusCode":401,"timestamp":"2025-06-09T17:32:55.736Z"}
{"isOperational":true,"level":"error","message":"Please provide email and password","stack":"Error: Please provide email and password\n    at D:\\06.06.25\\ThrivePro\\Backend\\controllers\\authController.js:150:17\n    at D:\\06.06.25\\ThrivePro\\Backend\\utils\\catchAsync.js:4:13\n    at Layer.handle [as handle_request] (D:\\06.06.25\\ThrivePro\\Backend\\node_modules\\express\\lib\\router\\layer.js:95:5)\n    at next (D:\\06.06.25\\ThrivePro\\Backend\\node_modules\\express\\lib\\router\\route.js:149:13)\n    at Route.dispatch (D:\\06.06.25\\ThrivePro\\Backend\\node_modules\\express\\lib\\router\\route.js:119:3)\n    at Layer.handle [as handle_request] (D:\\06.06.25\\ThrivePro\\Backend\\node_modules\\express\\lib\\router\\layer.js:95:5)\n    at D:\\06.06.25\\ThrivePro\\Backend\\node_modules\\express\\lib\\router\\index.js:284:15\n    at Function.process_params (D:\\06.06.25\\ThrivePro\\Backend\\node_modules\\express\\lib\\router\\index.js:346:12)\n    at next (D:\\06.06.25\\ThrivePro\\Backend\\node_modules\\express\\lib\\router\\index.js:280:10)\n    at Function.handle (D:\\06.06.25\\ThrivePro\\Backend\\node_modules\\express\\lib\\router\\index.js:175:3)","status":"error","statusCode":400,"timestamp":"2025-06-09T17:54:05.096Z"}
{"isOperational":true,"level":"error","message":"Incorrect email or password","stack":"Error: Incorrect email or password\n    at D:\\06.06.25\\ThrivePro\\Backend\\controllers\\authController.js:157:17\n    at process.processTicksAndRejections (node:internal/process/task_queues:95:5)","status":"error","statusCode":401,"timestamp":"2025-06-09T18:02:49.450Z"}
{"isOperational":true,"level":"error","message":"Incorrect email or password","stack":"Error: Incorrect email or password\n    at D:\\06.06.25\\ThrivePro\\Backend\\controllers\\authController.js:157:17\n    at process.processTicksAndRejections (node:internal/process/task_queues:95:5)","status":"error","statusCode":401,"timestamp":"2025-06-09T18:04:47.986Z"}
{"isOperational":true,"level":"error","message":"Incorrect email or password","stack":"Error: Incorrect email or password\n    at D:\\06.06.25\\ThrivePro\\Backend\\controllers\\authController.js:157:17\n    at process.processTicksAndRejections (node:internal/process/task_queues:95:5)","status":"error","statusCode":401,"timestamp":"2025-06-09T18:04:50.727Z"}
{"isOperational":true,"level":"error","message":"Incorrect email or password","stack":"Error: Incorrect email or password\n    at D:\\06.06.25\\ThrivePro\\Backend\\controllers\\authController.js:157:17\n    at process.processTicksAndRejections (node:internal/process/task_queues:95:5)","status":"error","statusCode":401,"timestamp":"2025-06-09T18:05:10.016Z"}
{"isOperational":true,"level":"error","message":"Incorrect email or password","stack":"Error: Incorrect email or password\n    at D:\\06.06.25\\ThrivePro\\Backend\\controllers\\authController.js:157:17\n    at process.processTicksAndRejections (node:internal/process/task_queues:95:5)","status":"error","statusCode":401,"timestamp":"2025-06-09T18:05:52.166Z"}
{"isOperational":true,"level":"error","message":"Incorrect email or password","stack":"Error: Incorrect email or password\n    at D:\\06.06.25\\ThrivePro\\Backend\\controllers\\authController.js:157:17\n    at process.processTicksAndRejections (node:internal/process/task_queues:95:5)","status":"error","statusCode":401,"timestamp":"2025-06-09T18:06:18.576Z"}
{"level":"warn","message":"MongoDB connection disconnected","timestamp":"2025-06-09T18:06:30.027Z"}
{"level":"info","message":"MongoDB connection established","timestamp":"2025-06-09T18:06:40.859Z"}
{"isOperational":true,"level":"error","message":"Incorrect email or password","stack":"Error: Incorrect email or password\n    at D:\\06.06.25\\ThrivePro\\Backend\\controllers\\authController.js:157:17\n    at process.processTicksAndRejections (node:internal/process/task_queues:95:5)","status":"error","statusCode":401,"timestamp":"2025-06-09T18:06:52.625Z"}
{"isOperational":true,"level":"error","message":"Incorrect email or password","stack":"Error: Incorrect email or password\n    at D:\\06.06.25\\ThrivePro\\Backend\\controllers\\authController.js:157:17\n    at process.processTicksAndRejections (node:internal/process/task_queues:95:5)","status":"error","statusCode":401,"timestamp":"2025-06-09T18:06:55.626Z"}
{"isOperational":true,"level":"error","message":"Incorrect email or password","stack":"Error: Incorrect email or password\n    at D:\\06.06.25\\ThrivePro\\Backend\\controllers\\authController.js:157:17\n    at process.processTicksAndRejections (node:internal/process/task_queues:95:5)","status":"error","statusCode":401,"timestamp":"2025-06-09T18:14:12.105Z"}
{"isOperational":true,"level":"error","message":"Incorrect email or password","stack":"Error: Incorrect email or password\n    at D:\\06.06.25\\ThrivePro\\Backend\\controllers\\authController.js:157:17\n    at process.processTicksAndRejections (node:internal/process/task_queues:95:5)","status":"error","statusCode":401,"timestamp":"2025-06-09T18:14:30.167Z"}
{"isOperational":true,"level":"error","message":"Incorrect email or password","stack":"Error: Incorrect email or password\n    at D:\\06.06.25\\ThrivePro\\Backend\\controllers\\authController.js:157:17\n    at process.processTicksAndRejections (node:internal/process/task_queues:95:5)","status":"error","statusCode":401,"timestamp":"2025-06-09T18:15:13.150Z"}
{"isOperational":true,"level":"error","message":"Incorrect email or password","stack":"Error: Incorrect email or password\n    at D:\\06.06.25\\ThrivePro\\Backend\\controllers\\authController.js:157:17\n    at process.processTicksAndRejections (node:internal/process/task_queues:95:5)","status":"error","statusCode":401,"timestamp":"2025-06-09T18:15:22.182Z"}
{"isOperational":true,"level":"error","message":"Incorrect email or password","stack":"Error: Incorrect email or password\n    at D:\\06.06.25\\ThrivePro\\Backend\\controllers\\authController.js:157:17\n    at process.processTicksAndRejections (node:internal/process/task_queues:95:5)","status":"error","statusCode":401,"timestamp":"2025-06-09T18:19:30.853Z"}
{"level":"info","message":"MongoDB connection established","timestamp":"2025-06-09T18:19:47.850Z"}
{"isOperational":true,"level":"error","message":"Incorrect email or password","stack":"Error: Incorrect email or password\n    at D:\\06.06.25\\ThrivePro\\Backend\\controllers\\authController.js:157:17\n    at process.processTicksAndRejections (node:internal/process/task_queues:95:5)","status":"error","statusCode":401,"timestamp":"2025-06-09T18:19:56.572Z"}
{"isOperational":true,"level":"error","message":"Incorrect email or password","stack":"Error: Incorrect email or password\n    at D:\\06.06.25\\ThrivePro\\Backend\\controllers\\authController.js:157:17\n    at process.processTicksAndRejections (node:internal/process/task_queues:95:5)","status":"error","statusCode":401,"timestamp":"2025-06-09T18:19:57.702Z"}
{"isOperational":true,"level":"error","message":"Incorrect email or password","stack":"Error: Incorrect email or password\n    at D:\\06.06.25\\ThrivePro\\Backend\\controllers\\authController.js:157:17\n    at process.processTicksAndRejections (node:internal/process/task_queues:95:5)","status":"error","statusCode":401,"timestamp":"2025-06-09T18:20:25.535Z"}
{"isOperational":true,"level":"error","message":"Incorrect email or password","stack":"Error: Incorrect email or password\n    at D:\\06.06.25\\ThrivePro\\Backend\\controllers\\authController.js:157:17\n    at process.processTicksAndRejections (node:internal/process/task_queues:95:5)","status":"error","statusCode":401,"timestamp":"2025-06-09T18:23:30.725Z"}
{"isOperational":true,"level":"error","message":"Incorrect email or password","stack":"Error: Incorrect email or password\n    at D:\\06.06.25\\ThrivePro\\Backend\\controllers\\authController.js:157:17\n    at process.processTicksAndRejections (node:internal/process/task_queues:95:5)","status":"error","statusCode":401,"timestamp":"2025-06-09T18:26:48.918Z"}
{"isOperational":true,"level":"error","message":"Incorrect email or password","stack":"Error: Incorrect email or password\n    at D:\\06.06.25\\ThrivePro\\Backend\\controllers\\authController.js:157:17\n    at process.processTicksAndRejections (node:internal/process/task_queues:95:5)","status":"error","statusCode":401,"timestamp":"2025-06-09T18:26:52.698Z"}
{"level":"info","message":"MongoDB connection established","timestamp":"2025-06-09T19:16:07.935Z"}
{"level":"info","message":"MongoDB connection established","timestamp":"2025-06-09T19:36:23.689Z"}
{"level":"info","message":"MongoDB connection established","timestamp":"2025-06-10T06:58:10.788Z"}
{"level":"warn","message":"MongoDB connection disconnected","timestamp":"2025-06-10T07:12:09.870Z"}
{"level":"info","message":"MongoDB connection established","timestamp":"2025-06-10T08:23:54.656Z"}
{"level":"info","message":"MongoDB connection established","timestamp":"2025-06-10T09:35:50.384Z"}
{"level":"info","message":"MongoDB connection established","timestamp":"2025-06-10T10:32:26.529Z"}
{"level":"info","message":"MongoDB connection established","timestamp":"2025-06-10T10:32:35.471Z"}
{"level":"info","message":"MongoDB connection established","timestamp":"2025-06-10T10:32:40.239Z"}
{"level":"info","message":"MongoDB connection established","timestamp":"2025-06-10T10:32:50.460Z"}
{"level":"info","message":"MongoDB connection established","timestamp":"2025-06-10T10:33:15.882Z"}
{"level":"info","message":"MongoDB connection established","timestamp":"2025-06-10T10:34:17.176Z"}
{"level":"info","message":"MongoDB connection established","timestamp":"2025-06-10T10:38:41.681Z"}
{"level":"warn","message":"MongoDB connection disconnected","timestamp":"2025-06-10T11:02:03.826Z"}
{"level":"info","message":"MongoDB connection established","timestamp":"2025-06-10T11:02:18.212Z"}
{"level":"warn","message":"MongoDB connection disconnected","timestamp":"2025-06-10T11:08:24.362Z"}
{"level":"info","message":"MongoDB connection established","timestamp":"2025-06-10T11:08:34.801Z"}
{"level":"info","message":"MongoDB connection established","timestamp":"2025-06-10T11:11:47.799Z"}
{"level":"info","message":"MongoDB connection established","timestamp":"2025-06-10T11:14:16.744Z"}
{"level":"info","message":"MongoDB connection established","timestamp":"2025-06-10T12:00:34.138Z"}
{"isOperational":true,"level":"error","message":"Please provide all required recommendation details.","stack":"Error: Please provide all required recommendation details.\n    at C:\\Users\\USER\\10.06.25\\ThrivePro\\Backend\\controllers\\providerController.js:90:17\n    at C:\\Users\\USER\\10.06.25\\ThrivePro\\Backend\\utils\\catchAsync.js:4:13\n    at Layer.handle [as handle_request] (C:\\Users\\USER\\10.06.25\\ThrivePro\\Backend\\node_modules\\express\\lib\\router\\layer.js:95:5)\n    at next (C:\\Users\\USER\\10.06.25\\ThrivePro\\Backend\\node_modules\\express\\lib\\router\\route.js:149:13)\n    at Route.dispatch (C:\\Users\\USER\\10.06.25\\ThrivePro\\Backend\\node_modules\\express\\lib\\router\\route.js:119:3)\n    at Layer.handle [as handle_request] (C:\\Users\\USER\\10.06.25\\ThrivePro\\Backend\\node_modules\\express\\lib\\router\\layer.js:95:5)\n    at C:\\Users\\USER\\10.06.25\\ThrivePro\\Backend\\node_modules\\express\\lib\\router\\index.js:284:15\n    at Function.process_params (C:\\Users\\USER\\10.06.25\\ThrivePro\\Backend\\node_modules\\express\\lib\\router\\index.js:346:12)\n    at next (C:\\Users\\USER\\10.06.25\\ThrivePro\\Backend\\node_modules\\express\\lib\\router\\index.js:280:10)\n    at C:\\Users\\USER\\10.06.25\\ThrivePro\\Backend\\middlewares\\auth.js:57:9","status":"error","statusCode":400,"timestamp":"2025-06-10T12:07:12.272Z"}
{"isOperational":true,"level":"error","message":"Please provide all required recommendation details.","stack":"Error: Please provide all required recommendation details.\n    at C:\\Users\\USER\\10.06.25\\ThrivePro\\Backend\\controllers\\providerController.js:90:17\n    at C:\\Users\\USER\\10.06.25\\ThrivePro\\Backend\\utils\\catchAsync.js:4:13\n    at Layer.handle [as handle_request] (C:\\Users\\USER\\10.06.25\\ThrivePro\\Backend\\node_modules\\express\\lib\\router\\layer.js:95:5)\n    at next (C:\\Users\\USER\\10.06.25\\ThrivePro\\Backend\\node_modules\\express\\lib\\router\\route.js:149:13)\n    at Route.dispatch (C:\\Users\\USER\\10.06.25\\ThrivePro\\Backend\\node_modules\\express\\lib\\router\\route.js:119:3)\n    at Layer.handle [as handle_request] (C:\\Users\\USER\\10.06.25\\ThrivePro\\Backend\\node_modules\\express\\lib\\router\\layer.js:95:5)\n    at C:\\Users\\USER\\10.06.25\\ThrivePro\\Backend\\node_modules\\express\\lib\\router\\index.js:284:15\n    at Function.process_params (C:\\Users\\USER\\10.06.25\\ThrivePro\\Backend\\node_modules\\express\\lib\\router\\index.js:346:12)\n    at next (C:\\Users\\USER\\10.06.25\\ThrivePro\\Backend\\node_modules\\express\\lib\\router\\index.js:280:10)\n    at C:\\Users\\USER\\10.06.25\\ThrivePro\\Backend\\middlewares\\auth.js:57:9","status":"error","statusCode":400,"timestamp":"2025-06-10T12:07:55.373Z"}
{"level":"warn","message":"MongoDB connection disconnected","timestamp":"2025-06-10T12:08:54.021Z"}
{"level":"info","message":"MongoDB connection established","timestamp":"2025-06-10T12:09:02.921Z"}
{"isOperational":true,"level":"error","message":"Please provide all required recommendation details.","stack":"Error: Please provide all required recommendation details.\n    at C:\\Users\\USER\\10.06.25\\ThrivePro\\Backend\\controllers\\providerController.js:90:17\n    at C:\\Users\\USER\\10.06.25\\ThrivePro\\Backend\\utils\\catchAsync.js:4:13\n    at Layer.handle [as handle_request] (C:\\Users\\USER\\10.06.25\\ThrivePro\\Backend\\node_modules\\express\\lib\\router\\layer.js:95:5)\n    at next (C:\\Users\\USER\\10.06.25\\ThrivePro\\Backend\\node_modules\\express\\lib\\router\\route.js:149:13)\n    at Route.dispatch (C:\\Users\\USER\\10.06.25\\ThrivePro\\Backend\\node_modules\\express\\lib\\router\\route.js:119:3)\n    at Layer.handle [as handle_request] (C:\\Users\\USER\\10.06.25\\ThrivePro\\Backend\\node_modules\\express\\lib\\router\\layer.js:95:5)\n    at C:\\Users\\USER\\10.06.25\\ThrivePro\\Backend\\node_modules\\express\\lib\\router\\index.js:284:15\n    at Function.process_params (C:\\Users\\USER\\10.06.25\\ThrivePro\\Backend\\node_modules\\express\\lib\\router\\index.js:346:12)\n    at next (C:\\Users\\USER\\10.06.25\\ThrivePro\\Backend\\node_modules\\express\\lib\\router\\index.js:280:10)\n    at C:\\Users\\USER\\10.06.25\\ThrivePro\\Backend\\middlewares\\auth.js:57:9","status":"error","statusCode":400,"timestamp":"2025-06-10T12:09:44.681Z"}
{"level":"info","message":"MongoDB connection established","timestamp":"2025-06-10T12:10:57.913Z"}
{"level":"info","message":"MongoDB connection established","timestamp":"2025-06-10T12:11:23.756Z"}
{"level":"info","message":"MongoDB connection established","timestamp":"2025-06-10T12:11:44.953Z"}
{"isOperational":true,"level":"error","message":"Please provide all required recommendation details.","stack":"Error: Please provide all required recommendation details.\n    at C:\\Users\\USER\\10.06.25\\ThrivePro\\Backend\\controllers\\providerController.js:91:17\n    at C:\\Users\\USER\\10.06.25\\ThrivePro\\Backend\\utils\\catchAsync.js:4:13\n    at Layer.handle [as handle_request] (C:\\Users\\USER\\10.06.25\\ThrivePro\\Backend\\node_modules\\express\\lib\\router\\layer.js:95:5)\n    at next (C:\\Users\\USER\\10.06.25\\ThrivePro\\Backend\\node_modules\\express\\lib\\router\\route.js:149:13)\n    at jsonParser (C:\\Users\\USER\\10.06.25\\ThrivePro\\Backend\\node_modules\\body-parser\\lib\\types\\json.js:104:7)\n    at Layer.handle [as handle_request] (C:\\Users\\USER\\10.06.25\\ThrivePro\\Backend\\node_modules\\express\\lib\\router\\layer.js:95:5)\n    at next (C:\\Users\\USER\\10.06.25\\ThrivePro\\Backend\\node_modules\\express\\lib\\router\\route.js:149:13)\n    at Route.dispatch (C:\\Users\\USER\\10.06.25\\ThrivePro\\Backend\\node_modules\\express\\lib\\router\\route.js:119:3)\n    at Layer.handle [as handle_request] (C:\\Users\\USER\\10.06.25\\ThrivePro\\Backend\\node_modules\\express\\lib\\router\\layer.js:95:5)\n    at C:\\Users\\USER\\10.06.25\\ThrivePro\\Backend\\node_modules\\express\\lib\\router\\index.js:284:15","status":"error","statusCode":400,"timestamp":"2025-06-10T12:12:06.999Z"}
{"level":"info","message":"MongoDB connection established","timestamp":"2025-06-10T12:13:23.750Z"}
{"isOperational":true,"level":"error","message":"Failed to send recommendation email. Please try again later.","stack":"Error: Failed to send recommendation email. Please try again later.\n    at C:\\Users\\USER\\10.06.25\\ThrivePro\\Backend\\controllers\\providerController.js:134:17\n    at C:\\Users\\USER\\10.06.25\\ThrivePro\\Backend\\utils\\catchAsync.js:4:13\n    at Layer.handle [as handle_request] (C:\\Users\\USER\\10.06.25\\ThrivePro\\Backend\\node_modules\\express\\lib\\router\\layer.js:95:5)\n    at next (C:\\Users\\USER\\10.06.25\\ThrivePro\\Backend\\node_modules\\express\\lib\\router\\route.js:149:13)\n    at jsonParser (C:\\Users\\USER\\10.06.25\\ThrivePro\\Backend\\node_modules\\body-parser\\lib\\types\\json.js:104:7)\n    at Layer.handle [as handle_request] (C:\\Users\\USER\\10.06.25\\ThrivePro\\Backend\\node_modules\\express\\lib\\router\\layer.js:95:5)\n    at next (C:\\Users\\USER\\10.06.25\\ThrivePro\\Backend\\node_modules\\express\\lib\\router\\route.js:149:13)\n    at Route.dispatch (C:\\Users\\USER\\10.06.25\\ThrivePro\\Backend\\node_modules\\express\\lib\\router\\route.js:119:3)\n    at Layer.handle [as handle_request] (C:\\Users\\USER\\10.06.25\\ThrivePro\\Backend\\node_modules\\express\\lib\\router\\layer.js:95:5)\n    at C:\\Users\\USER\\10.06.25\\ThrivePro\\Backend\\node_modules\\express\\lib\\router\\index.js:284:15","status":"error","statusCode":500,"timestamp":"2025-06-10T12:14:09.338Z"}
{"level":"info","message":"MongoDB connection established","timestamp":"2025-06-10T12:15:08.565Z"}
{"level":"info","message":"MongoDB connection established","timestamp":"2025-06-10T12:20:21.236Z"}
{"level":"info","message":"MongoDB connection established","timestamp":"2025-06-10T12:21:25.077Z"}
{"level":"info","message":"MongoDB connection established","timestamp":"2025-06-10T12:25:11.821Z"}
{"level":"info","message":"MongoDB connection established","timestamp":"2025-06-10T14:42:39.957Z"}
{"level":"warn","message":"MongoDB connection disconnected","timestamp":"2025-06-10T15:37:14.051Z"}
{"level":"info","message":"MongoDB connection established","timestamp":"2025-06-10T15:37:38.425Z"}
